# JRE version: Java(TM) SE Runtime Environment (22.0+36) (build 22+36-2370)
# Java VM: Java HotSpot(TM) 64-Bit Server VM (22+36-2370, mixed mode, sharing, tiered, compressed oops, compressed class ptrs, g1 gc, windows-amd64)
GC Precious Log:
 CardTable entry size: 512
 Card Set container configuration: InlinePtr #cards 4 size 8 Array Of Cards #cards 16 size 48 Howl #buckets 8 coarsen threshold 3686 Howl Bitmap #cards 512 size 80 coarsen threshold 460 Card regions per heap region 1 cards per card region 4096
 CPUs: 8 total, 8 available
 Memory: 14272M
 Large Page Support: Disabled
 NUMA Support: Disabled
 Compressed Oops: Enabled (Zero based)
 Heap Region Size: 2M
 Heap Min Capacity: 8M
 Heap Initial Capacity: 224M
 Heap Max Capacity: 3570M
 Pre-touch: Disabled
 Parallel Workers: 8
 Concurrent Workers: 2
 Concurrent Refinement Workers: 8
 Periodic GC: Disabled
Heap:
 garbage-first heap   total reserved 3655680K, committed 147456K, used 85402K [0x0000000720e00000, 0x0000000800000000)
  region size 2048K, 8 young (16384K), 2 survivors (4096K)
 Metaspace       used 34479K, committed 35008K, reserved 1114112K
  class space    used 3913K, committed 4160K, reserved 1048576K
GC Heap History (20 events):
Event: 2.096 GC heap before
{Heap before GC invocations=1 (full 0):
 garbage-first heap   total reserved 3655680K, committed 229376K, used 40536K [0x0000000720e00000, 0x0000000800000000)
  region size 2048K, 21 young (43008K), 2 survivors (4096K)
 Metaspace       used 10348K, committed 10496K, reserved 1114112K
  class space    used 1271K, committed 1344K, reserved 1048576K
}
Event: 2.102 GC heap after
{Heap after GC invocations=2 (full 0):
 garbage-first heap   total reserved 3655680K, committed 229376K, used 5895K [0x0000000720e00000, 0x0000000800000000)
  region size 2048K, 2 young (4096K), 2 survivors (4096K)
 Metaspace       used 10348K, committed 10496K, reserved 1114112K
  class space    used 1271K, committed 1344K, reserved 1048576K
}
Event: 6.688 GC heap before
{Heap before GC invocations=2 (full 0):
 garbage-first heap   total reserved 3655680K, committed 229376K, used 136967K [0x0000000720e00000, 0x0000000800000000)
  region size 2048K, 67 young (137216K), 2 survivors (4096K)
 Metaspace       used 17595K, committed 17920K, reserved 1114112K
  class space    used 2043K, committed 2176K, reserved 1048576K
}
Event: 6.705 GC heap after
{Heap after GC invocations=3 (full 0):
 garbage-first heap   total reserved 3655680K, committed 229376K, used 16521K [0x0000000720e00000, 0x0000000800000000)
  region size 2048K, 7 young (14336K), 7 survivors (14336K)
 Metaspace       used 17595K, committed 17920K, reserved 1114112K
  class space    used 2043K, committed 2176K, reserved 1048576K
}
Event: 7.730 GC heap before
{Heap before GC invocations=3 (full 0):
 garbage-first heap   total reserved 3655680K, committed 229376K, used 45193K [0x0000000720e00000, 0x0000000800000000)
  region size 2048K, 20 young (40960K), 7 survivors (14336K)
 Metaspace       used 21186K, committed 21504K, reserved 1114112K
  class space    used 2512K, committed 2688K, reserved 1048576K
}
Event: 7.745 GC heap after
{Heap after GC invocations=4 (full 0):
 garbage-first heap   total reserved 3655680K, committed 229376K, used 25711K [0x0000000720e00000, 0x0000000800000000)
  region size 2048K, 3 young (6144K), 3 survivors (6144K)
 Metaspace       used 21186K, committed 21504K, reserved 1114112K
  class space    used 2512K, committed 2688K, reserved 1048576K
}
Event: 9.566 GC heap before
{Heap before GC invocations=5 (full 0):
 garbage-first heap   total reserved 3655680K, committed 90112K, used 89199K [0x0000000720e00000, 0x0000000800000000)
  region size 2048K, 34 young (69632K), 3 survivors (6144K)
 Metaspace       used 26548K, committed 26944K, reserved 1114112K
  class space    used 3074K, committed 3264K, reserved 1048576K
}
Event: 9.591 GC heap after
{Heap after GC invocations=6 (full 0):
 garbage-first heap   total reserved 3655680K, committed 114688K, used 42608K [0x0000000720e00000, 0x0000000800000000)
  region size 2048K, 9 young (18432K), 9 survivors (18432K)
 Metaspace       used 26548K, committed 26944K, reserved 1114112K
  class space    used 3074K, committed 3264K, reserved 1048576K
}
Event: 11.083 GC heap before
{Heap before GC invocations=6 (full 0):
 garbage-first heap   total reserved 3655680K, committed 114688K, used 87664K [0x0000000720e00000, 0x0000000800000000)
  region size 2048K, 31 young (63488K), 9 survivors (18432K)
 Metaspace       used 28699K, committed 29120K, reserved 1114112K
  class space    used 3305K, committed 3520K, reserved 1048576K
}
Event: 11.106 GC heap after
{Heap after GC invocations=7 (full 0):
 garbage-first heap   total reserved 3655680K, committed 114688K, used 46080K [0x0000000720e00000, 0x0000000800000000)
  region size 2048K, 2 young (4096K), 2 survivors (4096K)
 Metaspace       used 28699K, committed 29120K, reserved 1114112K
  class space    used 3305K, committed 3520K, reserved 1048576K
}
Event: 11.910 GC heap before
{Heap before GC invocations=7 (full 0):
 garbage-first heap   total reserved 3655680K, committed 114688K, used 95232K [0x0000000720e00000, 0x0000000800000000)
  region size 2048K, 26 young (53248K), 2 survivors (4096K)
 Metaspace       used 29524K, committed 30080K, reserved 1114112K
  class space    used 3402K, committed 3648K, reserved 1048576K
}
Event: 11.921 GC heap after
{Heap after GC invocations=8 (full 0):
 garbage-first heap   total reserved 3655680K, committed 114688K, used 47003K [0x0000000720e00000, 0x0000000800000000)
  region size 2048K, 2 young (4096K), 2 survivors (4096K)
 Metaspace       used 29524K, committed 30080K, reserved 1114112K
  class space    used 3402K, committed 3648K, reserved 1048576K
}
Event: 12.883 GC heap before
{Heap before GC invocations=8 (full 0):
 garbage-first heap   total reserved 3655680K, committed 114688K, used 98203K [0x0000000720e00000, 0x0000000800000000)
  region size 2048K, 27 young (55296K), 2 survivors (4096K)
 Metaspace       used 31142K, committed 31680K, reserved 1114112K
  class space    used 3617K, committed 3840K, reserved 1048576K
}
Event: 12.897 GC heap after
{Heap after GC invocations=9 (full 0):
 garbage-first heap   total reserved 3655680K, committed 114688K, used 47470K [0x0000000720e00000, 0x0000000800000000)
  region size 2048K, 3 young (6144K), 3 survivors (6144K)
 Metaspace       used 31142K, committed 31680K, reserved 1114112K
  class space    used 3617K, committed 3840K, reserved 1048576K
}
Event: 14.624 GC heap before
{Heap before GC invocations=9 (full 0):
 garbage-first heap   total reserved 3655680K, committed 114688K, used 98670K [0x0000000720e00000, 0x0000000800000000)
  region size 2048K, 28 young (57344K), 3 survivors (6144K)
 Metaspace       used 31829K, committed 32384K, reserved 1114112K
  class space    used 3649K, committed 3904K, reserved 1048576K
}
Event: 14.648 GC heap after
{Heap after GC invocations=10 (full 0):
 garbage-first heap   total reserved 3655680K, committed 147456K, used 64964K [0x0000000720e00000, 0x0000000800000000)
  region size 2048K, 4 young (8192K), 4 survivors (8192K)
 Metaspace       used 31829K, committed 32384K, reserved 1114112K
  class space    used 3649K, committed 3904K, reserved 1048576K
}
Event: 16.176 GC heap before
{Heap before GC invocations=10 (full 0):
 garbage-first heap   total reserved 3655680K, committed 147456K, used 118212K [0x0000000720e00000, 0x0000000800000000)
  region size 2048K, 31 young (63488K), 4 survivors (8192K)
 Metaspace       used 32835K, committed 33408K, reserved 1114112K
  class space    used 3774K, committed 4032K, reserved 1048576K
}
Event: 16.188 GC heap after
{Heap after GC invocations=11 (full 0):
 garbage-first heap   total reserved 3655680K, committed 147456K, used 75442K [0x0000000720e00000, 0x0000000800000000)
  region size 2048K, 4 young (8192K), 4 survivors (8192K)
 Metaspace       used 32835K, committed 33408K, reserved 1114112K
  class space    used 3774K, committed 4032K, reserved 1048576K
}
Event: 17.570 GC heap before
{Heap before GC invocations=11 (full 0):
 garbage-first heap   total reserved 3655680K, committed 147456K, used 120498K [0x0000000720e00000, 0x0000000800000000)
  region size 2048K, 26 young (53248K), 4 survivors (8192K)
 Metaspace       used 34721K, committed 35328K, reserved 1114112K
  class space    used 3939K, committed 4224K, reserved 1048576K
}
Event: 17.575 GC heap after
{Heap after GC invocations=12 (full 0):
 garbage-first heap   total reserved 3655680K, committed 147456K, used 75162K [0x0000000720e00000, 0x0000000800000000)
  region size 2048K, 2 young (4096K), 2 survivors (4096K)
 Metaspace       used 34721K, committed 35328K, reserved 1114112K
  class space    used 3939K, committed 4224K, reserved 1048576K
}

