# JRE version: Java(TM) SE Runtime Environment (22.0+36) (build 22+36-2370)
# Java VM: Java HotSpot(TM) 64-Bit Server VM (22+36-2370, mixed mode, sharing, tiered, compressed oops, compressed class ptrs, g1 gc, windows-amd64)
GC Precious Log:
 CardTable entry size: 512
 Card Set container configuration: InlinePtr #cards 4 size 8 Array Of Cards #cards 16 size 48 Howl #buckets 8 coarsen threshold 3686 Howl Bitmap #cards 512 size 80 coarsen threshold 460 Card regions per heap region 1 cards per card region 4096
 CPUs: 8 total, 8 available
 Memory: 14272M
 Large Page Support: Disabled
 NUMA Support: Disabled
 Compressed Oops: Enabled (Zero based)
 Heap Region Size: 2M
 Heap Min Capacity: 8M
 Heap Initial Capacity: 224M
 Heap Max Capacity: 3570M
 Pre-touch: Disabled
 Parallel Workers: 8
 Concurrent Workers: 2
 Concurrent Refinement Workers: 8
 Periodic GC: Disabled
Heap:
 garbage-first heap   total reserved 3655680K, committed 151552K, used 86396K [0x0000000720e00000, 0x0000000800000000)
  region size 2048K, 8 young (16384K), 2 survivors (4096K)
 Metaspace       used 34823K, committed 35392K, reserved 1114112K
  class space    used 3941K, committed 4224K, reserved 1048576K
GC Heap History (20 events):
Event: 2.518 GC heap before
{Heap before GC invocations=1 (full 0):
 garbage-first heap   total reserved 3655680K, committed 229376K, used 35379K [0x0000000720e00000, 0x0000000800000000)
  region size 2048K, 16 young (32768K), 2 survivors (4096K)
 Metaspace       used 8342K, committed 8512K, reserved 1114112K
  class space    used 995K, committed 1088K, reserved 1048576K
}
Event: 2.523 GC heap after
{Heap after GC invocations=2 (full 0):
 garbage-first heap   total reserved 3655680K, committed 229376K, used 7408K [0x0000000720e00000, 0x0000000800000000)
  region size 2048K, 1 young (2048K), 1 survivors (2048K)
 Metaspace       used 8342K, committed 8512K, reserved 1114112K
  class space    used 995K, committed 1088K, reserved 1048576K
}
Event: 8.946 GC heap before
{Heap before GC invocations=2 (full 0):
 garbage-first heap   total reserved 3655680K, committed 229376K, used 142576K [0x0000000720e00000, 0x0000000800000000)
  region size 2048K, 67 young (137216K), 1 survivors (2048K)
 Metaspace       used 16874K, committed 17216K, reserved 1114112K
  class space    used 1986K, committed 2176K, reserved 1048576K
}
Event: 8.967 GC heap after
{Heap after GC invocations=3 (full 0):
 garbage-first heap   total reserved 3655680K, committed 229376K, used 17898K [0x0000000720e00000, 0x0000000800000000)
  region size 2048K, 6 young (12288K), 6 survivors (12288K)
 Metaspace       used 16874K, committed 17216K, reserved 1114112K
  class space    used 1986K, committed 2176K, reserved 1048576K
}
Event: 10.457 GC heap before
{Heap before GC invocations=3 (full 0):
 garbage-first heap   total reserved 3655680K, committed 229376K, used 54762K [0x0000000720e00000, 0x0000000800000000)
  region size 2048K, 24 young (49152K), 6 survivors (12288K)
 Metaspace       used 21189K, committed 21504K, reserved 1114112K
  class space    used 2512K, committed 2688K, reserved 1048576K
}
Event: 10.478 GC heap after
{Heap after GC invocations=4 (full 0):
 garbage-first heap   total reserved 3655680K, committed 229376K, used 27628K [0x0000000720e00000, 0x0000000800000000)
  region size 2048K, 3 young (6144K), 3 survivors (6144K)
 Metaspace       used 21189K, committed 21504K, reserved 1114112K
  class space    used 2512K, committed 2688K, reserved 1048576K
}
Event: 13.081 GC heap before
{Heap before GC invocations=5 (full 0):
 garbage-first heap   total reserved 3655680K, committed 96256K, used 95212K [0x0000000720e00000, 0x0000000800000000)
  region size 2048K, 36 young (73728K), 3 survivors (6144K)
 Metaspace       used 26635K, committed 27008K, reserved 1114112K
  class space    used 3075K, committed 3264K, reserved 1048576K
}
Event: 13.109 GC heap after
{Heap after GC invocations=6 (full 0):
 garbage-first heap   total reserved 3655680K, committed 122880K, used 45995K [0x0000000720e00000, 0x0000000800000000)
  region size 2048K, 9 young (18432K), 9 survivors (18432K)
 Metaspace       used 26635K, committed 27008K, reserved 1114112K
  class space    used 3075K, committed 3264K, reserved 1048576K
}
Event: 15.018 GC heap before
{Heap before GC invocations=6 (full 0):
 garbage-first heap   total reserved 3655680K, committed 122880K, used 97195K [0x0000000720e00000, 0x0000000800000000)
  region size 2048K, 34 young (69632K), 9 survivors (18432K)
 Metaspace       used 29005K, committed 29440K, reserved 1114112K
  class space    used 3336K, committed 3520K, reserved 1048576K
}
Event: 15.051 GC heap after
{Heap after GC invocations=7 (full 0):
 garbage-first heap   total reserved 3655680K, committed 122880K, used 48377K [0x0000000720e00000, 0x0000000800000000)
  region size 2048K, 2 young (4096K), 2 survivors (4096K)
 Metaspace       used 29005K, committed 29440K, reserved 1114112K
  class space    used 3336K, committed 3520K, reserved 1048576K
}
Event: 15.898 GC heap before
{Heap before GC invocations=7 (full 0):
 garbage-first heap   total reserved 3655680K, committed 122880K, used 99577K [0x0000000720e00000, 0x0000000800000000)
  region size 2048K, 27 young (55296K), 2 survivors (4096K)
 Metaspace       used 29732K, committed 30208K, reserved 1114112K
  class space    used 3415K, committed 3648K, reserved 1048576K
}
Event: 15.908 GC heap after
{Heap after GC invocations=8 (full 0):
 garbage-first heap   total reserved 3655680K, committed 122880K, used 48871K [0x0000000720e00000, 0x0000000800000000)
  region size 2048K, 2 young (4096K), 2 survivors (4096K)
 Metaspace       used 29732K, committed 30208K, reserved 1114112K
  class space    used 3415K, committed 3648K, reserved 1048576K
}
Event: 16.700 GC heap before
{Heap before GC invocations=8 (full 0):
 garbage-first heap   total reserved 3655680K, committed 122880K, used 102119K [0x0000000720e00000, 0x0000000800000000)
  region size 2048K, 28 young (57344K), 2 survivors (4096K)
 Metaspace       used 31030K, committed 31552K, reserved 1114112K
  class space    used 3610K, committed 3840K, reserved 1048576K
}
Event: 16.713 GC heap after
{Heap after GC invocations=9 (full 0):
 garbage-first heap   total reserved 3655680K, committed 122880K, used 49762K [0x0000000720e00000, 0x0000000800000000)
  region size 2048K, 3 young (6144K), 3 survivors (6144K)
 Metaspace       used 31030K, committed 31552K, reserved 1114112K
  class space    used 3610K, committed 3840K, reserved 1048576K
}
Event: 19.030 GC heap before
{Heap before GC invocations=9 (full 0):
 garbage-first heap   total reserved 3655680K, committed 122880K, used 105058K [0x0000000720e00000, 0x0000000800000000)
  region size 2048K, 30 young (61440K), 3 survivors (6144K)
 Metaspace       used 32226K, committed 32768K, reserved 1114112K
  class space    used 3686K, committed 3904K, reserved 1048576K
}
Event: 19.056 GC heap after
{Heap after GC invocations=10 (full 0):
 garbage-first heap   total reserved 3655680K, committed 151552K, used 62713K [0x0000000720e00000, 0x0000000800000000)
  region size 2048K, 4 young (8192K), 4 survivors (8192K)
 Metaspace       used 32226K, committed 32768K, reserved 1114112K
  class space    used 3686K, committed 3904K, reserved 1048576K
}
Event: 21.347 GC heap before
{Heap before GC invocations=10 (full 0):
 garbage-first heap   total reserved 3655680K, committed 151552K, used 126201K [0x0000000720e00000, 0x0000000800000000)
  region size 2048K, 35 young (71680K), 4 survivors (8192K)
 Metaspace       used 33229K, committed 33728K, reserved 1114112K
  class space    used 3803K, committed 4032K, reserved 1048576K
}
Event: 21.364 GC heap after
{Heap after GC invocations=11 (full 0):
 garbage-first heap   total reserved 3655680K, committed 151552K, used 77719K [0x0000000720e00000, 0x0000000800000000)
  region size 2048K, 5 young (10240K), 5 survivors (10240K)
 Metaspace       used 33229K, committed 33728K, reserved 1114112K
  class space    used 3803K, committed 4032K, reserved 1048576K
}
Event: 22.802 GC heap before
{Heap before GC invocations=11 (full 0):
 garbage-first heap   total reserved 3655680K, committed 151552K, used 124823K [0x0000000720e00000, 0x0000000800000000)
  region size 2048K, 28 young (57344K), 5 survivors (10240K)
 Metaspace       used 35159K, committed 35840K, reserved 1114112K
  class space    used 3976K, committed 4288K, reserved 1048576K
}
Event: 22.810 GC heap after
{Heap after GC invocations=12 (full 0):
 garbage-first heap   total reserved 3655680K, committed 151552K, used 76156K [0x0000000720e00000, 0x0000000800000000)
  region size 2048K, 2 young (4096K), 2 survivors (4096K)
 Metaspace       used 35159K, committed 35840K, reserved 1114112K
  class space    used 3976K, committed 4288K, reserved 1048576K
}

